<?xml version="1.0" encoding="UTF-8"?>
<!-- Generated by org.testng.reporters.JUnitReportReporter -->
<testsuite hostname="DESKTOP-CKDC20B" failures="0" tests="3" name="api.test.DataDrivenTests" time="6.178" errors="0" timestamp="2023-11-15T10:50:07 GMT" skipped="0">
  <testcase classname="api.test.DataDrivenTests" name="createBookings" time="1.028"/>
  <testcase classname="api.test.DataDrivenTests" name="createBookings" time="1.018"/>
  <testcase classname="api.test.DataDrivenTests" name="createBookings" time="4.132"/>
</testsuite> <!-- api.test.DataDrivenTests -->
