<?xml version="1.0" encoding="UTF-8"?>
<!-- Generated by org.testng.reporters.JUnitReportReporter -->
<testsuite hostname="DESKTOP-CKDC20B" failures="0" tests="5" name="api.test.BookingTests" time="6.704" errors="0" timestamp="2023-11-15T10:50:07 GMT" skipped="0">
  <testcase classname="api.test.BookingTests" name="createAuthToken" time="1.746"/>
  <testcase classname="api.test.BookingTests" name="createBooking" time="1.018"/>
  <testcase classname="api.test.BookingTests" name="getBookingById" time="0.984"/>
  <testcase classname="api.test.BookingTests" name="updateBookingById" time="1.907"/>
  <testcase classname="api.test.BookingTests" name="deleteBookingById" time="1.049"/>
</testsuite> <!-- api.test.BookingTests -->
