<?xml version="1.0" encoding="UTF-8"?>
<!-- Generated by org.testng.reporters.JUnitReportReporter -->
<testsuite hostname="DESKTOP-CKDC20B" failures="0" tests="5" name="api.test.BookingTests" time="7.104" errors="0" timestamp="2023-11-15T12:26:47 GMT" skipped="0">
  <testcase classname="api.test.BookingTests" name="createAuthToken" time="2.224"/>
  <testcase classname="api.test.BookingTests" name="createBooking" time="0.866"/>
  <testcase classname="api.test.BookingTests" name="getBookingById" time="0.951"/>
  <testcase classname="api.test.BookingTests" name="updateBookingById" time="2.125"/>
  <testcase classname="api.test.BookingTests" name="deleteBookingById" time="0.938"/>
</testsuite> <!-- api.test.BookingTests -->
