<?xml version="1.0" encoding="UTF-8"?>
<!-- Generated by org.testng.reporters.JUnitReportReporter -->
<testsuite hostname="DESKTOP-CKDC20B" failures="0" tests="3" name="api.test.DataDrivenTests" time="6.386" errors="0" timestamp="2023-11-15T12:26:47 GMT" skipped="0">
  <testcase classname="api.test.DataDrivenTests" name="createBookings" time="0.867"/>
  <testcase classname="api.test.DataDrivenTests" name="createBookings" time="4.518"/>
  <testcase classname="api.test.DataDrivenTests" name="createBookings" time="1.001"/>
</testsuite> <!-- api.test.DataDrivenTests -->
